\BOOKMARK [0][-]{chapter*.3}{\376\377\000S\001\060\000M\000G\000E\000\040\000L\001\060\000S\000T\000E\000S\001\060}{}% 1
\BOOKMARK [0][-]{chapter*.4}{\376\377\000K\000I\000S\000A\000L\000T\000M\000A\000\040\000L\001\060\000S\000T\000E\000S\001\060}{}% 2
\BOOKMARK [0][-]{chapter*.5}{\376\377\000\326\000Z\000E\000T}{}% 3
\BOOKMARK [0][-]{chapter*.6}{\376\377\000A\000B\000S\000T\000R\000A\000C\000T}{}% 4
\BOOKMARK [0][-]{chapter.1}{\376\377\000G\001\060\000R\001\060\001\136}{}% 5
\BOOKMARK [1][-]{section.1.1}{\376\377\000S\000u\000b\000-\000T\000i\000t\000l\000e}{chapter.1}% 6
\BOOKMARK [1][-]{section.1.2}{\376\377\000S\000u\000b\000-\000T\000i\000t\000l\000e}{chapter.1}% 7
\BOOKMARK [0][-]{chapter.2}{\376\377\000C\000H\000A\000P\000T\000E\000R\000\040\000H\000E\000A\000D\000I\000N\000G\000\040\000/\000\040\000B\000\326\000L\000\334\000M\000\040\000B\000A\001\136\000L\000I\001\036\000I}{}% 8
\BOOKMARK [1][-]{section.2.1}{\376\377\000S\000u\000b\000\040\000T\000i\000t\000l\000e\000\040\000/\000\040\000A\000l\000t\000\040\000B\000a\001\137\000l\001\061\000k}{chapter.2}% 9
\BOOKMARK [1][-]{section.2.2}{\376\377\000S\000u\000b\000\040\000T\000i\000t\000l\000e\000\040\000/\000\040\000A\000l\000t\000\040\000B\000a\001\137\000l\001\061\000k}{chapter.2}% 10
\BOOKMARK [2][-]{subsection.2.2.1}{\376\377\000S\000u\000b\000\040\000S\000u\000b\000\040\000T\000i\000t\000l\000e\000\040\000/\000\040\000A\000l\000t\000\040\000A\000l\000t\000\040\000B\000a\001\137\000l\001\061\000k}{section.2.2}% 11
\BOOKMARK [2][-]{subsection.2.2.2}{\376\377\000S\000u\000b\000\040\000S\000u\000b\000\040\000T\000i\000t\000l\000e\000\040\000/\000\040\000A\000l\000t\000\040\000A\000l\000t\000\040\000B\000a\001\137\000l\001\061\000k}{section.2.2}% 12
\BOOKMARK [0][-]{chapter.3}{\376\377\000E\000X\000A\000M\000P\000L\000E\000S\000\040\000O\000F\000\040\000R\000E\000F\000E\000R\000E\000N\000C\000E\000S\000/\000A\000T\000I\000F\000\040\000\326\000R\000N\000E\000K\000L\000E\000R\001\060}{}% 13
\BOOKMARK [1][-]{section.3.1}{\376\377\000A\000t\001\061\000f\000\040\000\326\000r\000n\000e\000k\000l\000e\000r\000i}{chapter.3}% 14
\BOOKMARK [1][-]{section.3.2}{\376\377\000E\000x\000a\000m\000p\000l\000e\000s\000\040\000o\000f\000\040\000R\000e\000f\000e\000r\000e\000n\000c\000e\000s}{chapter.3}% 15
\BOOKMARK [1][-]{section.3.3}{\376\377\000M\000a\000d\000d\000e\000l\000e\000n\000d\000i\000r\000m\000e\000\040\000/\000\040\000N\000u\000m\000b\000e\000r\000i\000n\000g}{chapter.3}% 16
\BOOKMARK [1][-]{section.3.4}{\376\377\000E\000x\000a\000m\000p\000l\000e\000\040\000o\000f\000\040\000T\000a\000b\000l\000e\000\040\000/\000\040\000T\000a\000b\000l\000o\000\040\000\326\000r\000n\000e\001\037\000i}{chapter.3}% 17
\BOOKMARK [0][-]{chapter.4}{\376\377\000S\000O\000N\000U\000\307}{}% 18
\BOOKMARK [0][-]{chapter.4}{\376\377\000K\000A\000Y\000N\000A\000K\000\307\000A}{}% 19
\BOOKMARK [0][-]{appendix.A}{\376\377\000A\000P\000P\000E\000N\000D\000I\000X\000\040\000C\000H\000A\000P\000T\000E\000R\000\040\000H\000E\000A\000D\000I\000N\000G\000\040\000/\000\040\000E\000K\000\040\000B\000\326\000L\000\334\000M\000\334\000\040\000B\000A\001\136\000L\000I\001\036\000I}{}% 20
\BOOKMARK [1][-]{section.A.1}{\376\377\000S\000u\000b\000\040\000T\000i\000t\000l\000e\000\040\000/\000\040\000A\000l\000t\000\040\000B\000a\001\137\000l\001\061\000k}{appendix.A}% 21
\BOOKMARK [0][-]{section.A.1}{\376\377\000T\000E\000Z\000D\000E\000N\000\040\000\334\000R\000E\000T\001\060\000L\000M\001\060\001\136\000\040\000Y\000A\000Y\000I\000N\000L\000A\000R}{}% 22
